2015-11-19 18:24:50.706 Carlini CPA[9994:300949] DiskCookieStorage changing policy from 2 to 0, cookie file: file:///Users/james/Library/Developer/CoreSimulator/Devices/F9BE4857-BE05-4023-A96E-515353AB7B11/data/Containers/Data/Application/FF21B682-19F5-408E-9783-0F2389C5ABB1/Library/Cookies/com.rotarydesign.carlinicpa.binarycookies
2015-11-19 18:24:51.056 Carlini CPA[9994:300949] Apache Cordova native platform version 3.9.1 is starting.
2015-11-19 18:24:51.056 Carlini CPA[9994:300949] Multi-tasking -> Device: YES, App: YES
2015-11-19 18:24:51.079 Carlini CPA[9994:300949] Unlimited access to network resources
2015-11-19 18:24:51.098 Carlini CPA[9994:300949] 

Started backup to iCloud! Please be careful.
Your application might be rejected by Apple if you store too much data.
For more information please read "iOS Data Storage Guidelines" at:
https://developer.apple.com/icloud/documentation/data-storage/
To disable web storage backup to iCloud, set the BackupWebStorage preference to "local" in the Cordova config.xml file

2015-11-19 18:24:51.986 Carlini CPA[9994:300949] [CDVTimer][statusbar] 490.881026ms
2015-11-19 18:24:52.047 Carlini CPA[9994:300949] [CDVTimer][splashscreen] 60.710967ms
2015-11-19 18:24:52.047 Carlini CPA[9994:300949] [CDVTimer][TotalPluginStartup] 552.010000ms
2015-11-19 18:24:52.152 Carlini CPA[9994:300949] Resetting plugins due to page load.
2015-11-19 18:24:53.668 Carlini CPA[9994:300949] Finished load of: file:///Users/james/Library/Developer/CoreSimulator/Devices/F9BE4857-BE05-4023-A96E-515353AB7B11/data/Containers/Bundle/Application/1F90D16D-17A9-40FC-8335-B83C5E179CBB/Carlini%20CPA.app/www/index.html
2015-11-19 18:24:56.216 Carlini CPA[9994:300949] Resetting plugins due to page load.
2015-11-19 18:24:58.746 Carlini CPA[9994:300949] Finished load of: https://www.google.com/maps/place/3804+Meeting+St,+Indian+Trail,+NC+28079/@35.0849812,-80.6349646,17z/data=!4m2!3m1!1s0x885424ccfb46dac7:0xa9d549d13db46970
2015-11-19 18:35:36.404 Carlini CPA[10610:315750] DiskCookieStorage changing policy from 2 to 0, cookie file: file:///Users/james/Library/Developer/CoreSimulator/Devices/F9BE4857-BE05-4023-A96E-515353AB7B11/data/Containers/Data/Application/1B6C3001-6B35-45FC-B18D-73F9F024BC67/Library/Cookies/com.rotarydesign.carlinicpa.binarycookies
2015-11-19 18:35:36.695 Carlini CPA[10610:315750] Apache Cordova native platform version 3.9.1 is starting.
2015-11-19 18:35:36.696 Carlini CPA[10610:315750] Multi-tasking -> Device: YES, App: YES
2015-11-19 18:35:36.709 Carlini CPA[10610:315750] Unlimited access to network resources
2015-11-19 18:35:36.719 Carlini CPA[10610:315750] 

Started backup to iCloud! Please be careful.
Your application might be rejected by Apple if you store too much data.
For more information please read "iOS Data Storage Guidelines" at:
https://developer.apple.com/icloud/documentation/data-storage/
To disable web storage backup to iCloud, set the BackupWebStorage preference to "local" in the Cordova config.xml file

2015-11-19 18:35:37.438 Carlini CPA[10610:315750] [CDVTimer][splashscreen] 426.177979ms
2015-11-19 18:35:37.446 Carlini CPA[10610:315750] [CDVTimer][statusbar] 7.781029ms
2015-11-19 18:35:37.446 Carlini CPA[10610:315750] [CDVTimer][TotalPluginStartup] 434.395015ms
2015-11-19 18:35:37.560 Carlini CPA[10610:315750] Resetting plugins due to page load.
2015-11-19 18:35:42.398 Carlini CPA[10610:315750] Finished load of: file:///Users/james/Library/Developer/CoreSimulator/Devices/F9BE4857-BE05-4023-A96E-515353AB7B11/data/Containers/Bundle/Application/19BC3CFA-FA63-403D-BFBE-39759B8AF562/Carlini%20CPA.app/www/index.html
2015-11-19 18:40:17.636 Carlini CPA[11003:322355] DiskCookieStorage changing policy from 2 to 0, cookie file: file:///Users/james/Library/Developer/CoreSimulator/Devices/F9BE4857-BE05-4023-A96E-515353AB7B11/data/Containers/Data/Application/D756D36A-778E-46B0-B267-90D2F619F62E/Library/Cookies/com.rotarydesign.carlinicpa.binarycookies
2015-11-19 18:40:17.730 Carlini CPA[11003:322355] Apache Cordova native platform version 3.9.1 is starting.
2015-11-19 18:40:17.731 Carlini CPA[11003:322355] Multi-tasking -> Device: YES, App: YES
2015-11-19 18:40:17.733 Carlini CPA[11003:322355] Unlimited access to network resources
2015-11-19 18:40:17.736 Carlini CPA[11003:322355] 

Started backup to iCloud! Please be careful.
Your application might be rejected by Apple if you store too much data.
For more information please read "iOS Data Storage Guidelines" at:
https://developer.apple.com/icloud/documentation/data-storage/
To disable web storage backup to iCloud, set the BackupWebStorage preference to "local" in the Cordova config.xml file

2015-11-19 18:40:17.909 Carlini CPA[11003:322355] [CDVTimer][splashscreen] 129.118025ms
2015-11-19 18:40:17.917 Carlini CPA[11003:322355] [CDVTimer][statusbar] 7.358015ms
2015-11-19 18:40:17.917 Carlini CPA[11003:322355] [CDVTimer][TotalPluginStartup] 136.963010ms
2015-11-19 18:40:17.961 Carlini CPA[11003:322355] Resetting plugins due to page load.
2015-11-19 18:40:23.960 Carlini CPA[11003:322355] Finished load of: file:///Users/james/Library/Developer/CoreSimulator/Devices/F9BE4857-BE05-4023-A96E-515353AB7B11/data/Containers/Bundle/Application/35502CD7-5E63-4563-8739-345D5E13A3DC/Carlini%20CPA.app/www/index.html
2015-11-19 18:41:44.428 Carlini CPA[11003:322355] Resetting plugins due to page load.
2015-11-19 18:41:47.970 Carlini CPA[11003:322355] Finished load of: https://www.google.com/maps/place/3804+Meeting+St,+Indian+Trail,+NC+28079/@35.0849812,-80.6349646,17z/data=!4m2!3m1!1s0x885424ccfb46dac7:0xa9d549d13db46970
